<?xml version="1.0" encoding="UTF-8"?>
<testsuite xmlns:xsi="http://www.w3.org/2001/XMLSchema-instance" xsi:noNamespaceSchemaLocation="https://maven.apache.org/surefire/maven-surefire-plugin/xsd/surefire-test-report.xsd" name="com.mtx.metro.MetroApplicationTests" time="6.044" tests="1" errors="0" skipped="0" failures="0">
  <properties>
    <property name="java.specification.version" value="18"/>
    <property name="sun.cpu.isalist" value="amd64"/>
    <property name="sun.jnu.encoding" value="GBK"/>
    <property name="java.class.path" value="C:\Users\84579\Desktop\metro\target\test-classes;C:\Users\84579\Desktop\metro\target\classes;D:\Maven\maven_repository\org\springframework\boot\spring-boot-starter-web\2.7.12\spring-boot-starter-web-2.7.12.jar;D:\Maven\maven_repository\org\springframework\boot\spring-boot-starter\2.7.12\spring-boot-starter-2.7.12.jar;D:\Maven\maven_repository\org\springframework\boot\spring-boot\2.7.12\spring-boot-2.7.12.jar;D:\Maven\maven_repository\org\springframework\boot\spring-boot-starter-logging\2.7.12\spring-boot-starter-logging-2.7.12.jar;D:\Maven\maven_repository\ch\qos\logback\logback-classic\1.2.12\logback-classic-1.2.12.jar;D:\Maven\maven_repository\ch\qos\logback\logback-core\1.2.12\logback-core-1.2.12.jar;D:\Maven\maven_repository\org\apache\logging\log4j\log4j-to-slf4j\2.17.2\log4j-to-slf4j-2.17.2.jar;D:\Maven\maven_repository\org\apache\logging\log4j\log4j-api\2.17.2\log4j-api-2.17.2.jar;D:\Maven\maven_repository\org\slf4j\jul-to-slf4j\1.7.36\jul-to-slf4j-1.7.36.jar;D:\Maven\maven_repository\jakarta\annotation\jakarta.annotation-api\1.3.5\jakarta.annotation-api-1.3.5.jar;D:\Maven\maven_repository\org\yaml\snakeyaml\1.30\snakeyaml-1.30.jar;D:\Maven\maven_repository\org\springframework\boot\spring-boot-starter-json\2.7.12\spring-boot-starter-json-2.7.12.jar;D:\Maven\maven_repository\com\fasterxml\jackson\datatype\jackson-datatype-jdk8\2.13.5\jackson-datatype-jdk8-2.13.5.jar;D:\Maven\maven_repository\com\fasterxml\jackson\datatype\jackson-datatype-jsr310\2.13.5\jackson-datatype-jsr310-2.13.5.jar;D:\Maven\maven_repository\com\fasterxml\jackson\module\jackson-module-parameter-names\2.13.5\jackson-module-parameter-names-2.13.5.jar;D:\Maven\maven_repository\org\springframework\boot\spring-boot-starter-tomcat\2.7.12\spring-boot-starter-tomcat-2.7.12.jar;D:\Maven\maven_repository\org\apache\tomcat\embed\tomcat-embed-core\9.0.75\tomcat-embed-core-9.0.75.jar;D:\Maven\maven_repository\org\apache\tomcat\embed\tomcat-embed-websocket\9.0.75\tomcat-embed-websocket-9.0.75.jar;D:\Maven\maven_repository\org\springframework\spring-web\5.3.27\spring-web-5.3.27.jar;D:\Maven\maven_repository\org\springframework\spring-beans\5.3.27\spring-beans-5.3.27.jar;D:\Maven\maven_repository\org\springframework\spring-webmvc\5.3.27\spring-webmvc-5.3.27.jar;D:\Maven\maven_repository\org\springframework\spring-context\5.3.27\spring-context-5.3.27.jar;D:\Maven\maven_repository\org\springframework\spring-expression\5.3.27\spring-expression-5.3.27.jar;D:\Maven\maven_repository\com\mysql\mysql-connector-j\8.0.33\mysql-connector-j-8.0.33.jar;D:\Maven\maven_repository\org\projectlombok\lombok\1.18.26\lombok-1.18.26.jar;D:\Maven\maven_repository\org\springframework\boot\spring-boot-starter-test\2.7.12\spring-boot-starter-test-2.7.12.jar;D:\Maven\maven_repository\org\springframework\boot\spring-boot-test\2.7.12\spring-boot-test-2.7.12.jar;D:\Maven\maven_repository\org\springframework\boot\spring-boot-test-autoconfigure\2.7.12\spring-boot-test-autoconfigure-2.7.12.jar;D:\Maven\maven_repository\com\jayway\jsonpath\json-path\2.7.0\json-path-2.7.0.jar;D:\Maven\maven_repository\net\minidev\json-smart\2.4.11\json-smart-2.4.11.jar;D:\Maven\maven_repository\net\minidev\accessors-smart\2.4.11\accessors-smart-2.4.11.jar;D:\Maven\maven_repository\org\ow2\asm\asm\9.3\asm-9.3.jar;D:\Maven\maven_repository\org\slf4j\slf4j-api\1.7.36\slf4j-api-1.7.36.jar;D:\Maven\maven_repository\jakarta\xml\bind\jakarta.xml.bind-api\2.3.3\jakarta.xml.bind-api-2.3.3.jar;D:\Maven\maven_repository\jakarta\activation\jakarta.activation-api\1.2.2\jakarta.activation-api-1.2.2.jar;D:\Maven\maven_repository\org\assertj\assertj-core\3.22.0\assertj-core-3.22.0.jar;D:\Maven\maven_repository\org\hamcrest\hamcrest\2.2\hamcrest-2.2.jar;D:\Maven\maven_repository\org\junit\jupiter\junit-jupiter\5.8.2\junit-jupiter-5.8.2.jar;D:\Maven\maven_repository\org\junit\jupiter\junit-jupiter-api\5.8.2\junit-jupiter-api-5.8.2.jar;D:\Maven\maven_repository\org\opentest4j\opentest4j\1.2.0\opentest4j-1.2.0.jar;D:\Maven\maven_repository\org\junit\platform\junit-platform-commons\1.8.2\junit-platform-commons-1.8.2.jar;D:\Maven\maven_repository\org\apiguardian\apiguardian-api\1.1.2\apiguardian-api-1.1.2.jar;D:\Maven\maven_repository\org\junit\jupiter\junit-jupiter-params\5.8.2\junit-jupiter-params-5.8.2.jar;D:\Maven\maven_repository\org\junit\jupiter\junit-jupiter-engine\5.8.2\junit-jupiter-engine-5.8.2.jar;D:\Maven\maven_repository\org\junit\platform\junit-platform-engine\1.8.2\junit-platform-engine-1.8.2.jar;D:\Maven\maven_repository\org\mockito\mockito-core\4.5.1\mockito-core-4.5.1.jar;D:\Maven\maven_repository\net\bytebuddy\byte-buddy\1.12.23\byte-buddy-1.12.23.jar;D:\Maven\maven_repository\net\bytebuddy\byte-buddy-agent\1.12.23\byte-buddy-agent-1.12.23.jar;D:\Maven\maven_repository\org\objenesis\objenesis\3.2\objenesis-3.2.jar;D:\Maven\maven_repository\org\mockito\mockito-junit-jupiter\4.5.1\mockito-junit-jupiter-4.5.1.jar;D:\Maven\maven_repository\org\skyscreamer\jsonassert\1.5.1\jsonassert-1.5.1.jar;D:\Maven\maven_repository\com\vaadin\external\google\android-json\0.0.20131108.vaadin1\android-json-0.0.20131108.vaadin1.jar;D:\Maven\maven_repository\org\springframework\spring-core\5.3.27\spring-core-5.3.27.jar;D:\Maven\maven_repository\org\springframework\spring-jcl\5.3.27\spring-jcl-5.3.27.jar;D:\Maven\maven_repository\org\springframework\spring-test\5.3.27\spring-test-5.3.27.jar;D:\Maven\maven_repository\org\xmlunit\xmlunit-core\2.9.1\xmlunit-core-2.9.1.jar;D:\Maven\maven_repository\com\baomidou\mybatis-plus-boot-starter\3.5.3\mybatis-plus-boot-starter-3.5.3.jar;D:\Maven\maven_repository\com\baomidou\mybatis-plus\3.5.3\mybatis-plus-3.5.3.jar;D:\Maven\maven_repository\com\baomidou\mybatis-plus-extension\3.5.3\mybatis-plus-extension-3.5.3.jar;D:\Maven\maven_repository\com\baomidou\mybatis-plus-core\3.5.3\mybatis-plus-core-3.5.3.jar;D:\Maven\maven_repository\com\baomidou\mybatis-plus-annotation\3.5.3\mybatis-plus-annotation-3.5.3.jar;D:\Maven\maven_repository\com\github\jsqlparser\jsqlparser\4.4\jsqlparser-4.4.jar;D:\Maven\maven_repository\org\springframework\boot\spring-boot-autoconfigure\2.7.12\spring-boot-autoconfigure-2.7.12.jar;D:\Maven\maven_repository\org\springframework\boot\spring-boot-starter-jdbc\2.7.12\spring-boot-starter-jdbc-2.7.12.jar;D:\Maven\maven_repository\com\zaxxer\HikariCP\4.0.3\HikariCP-4.0.3.jar;D:\Maven\maven_repository\org\springframework\spring-jdbc\5.3.27\spring-jdbc-5.3.27.jar;D:\Maven\maven_repository\com\github\pagehelper\pagehelper-spring-boot-starter\1.4.3\pagehelper-spring-boot-starter-1.4.3.jar;D:\Maven\maven_repository\org\mybatis\spring\boot\mybatis-spring-boot-starter\2.2.2\mybatis-spring-boot-starter-2.2.2.jar;D:\Maven\maven_repository\org\mybatis\spring\boot\mybatis-spring-boot-autoconfigure\2.2.2\mybatis-spring-boot-autoconfigure-2.2.2.jar;D:\Maven\maven_repository\org\mybatis\mybatis\3.5.9\mybatis-3.5.9.jar;D:\Maven\maven_repository\org\mybatis\mybatis-spring\2.0.7\mybatis-spring-2.0.7.jar;D:\Maven\maven_repository\com\github\pagehelper\pagehelper-spring-boot-autoconfigure\1.4.3\pagehelper-spring-boot-autoconfigure-1.4.3.jar;D:\Maven\maven_repository\com\github\pagehelper\pagehelper\5.3.1\pagehelper-5.3.1.jar;D:\Maven\maven_repository\org\springframework\boot\spring-boot-starter-thymeleaf\2.7.12\spring-boot-starter-thymeleaf-2.7.12.jar;D:\Maven\maven_repository\org\thymeleaf\thymeleaf-spring5\3.0.15.RELEASE\thymeleaf-spring5-3.0.15.RELEASE.jar;D:\Maven\maven_repository\org\thymeleaf\thymeleaf\3.0.15.RELEASE\thymeleaf-3.0.15.RELEASE.jar;D:\Maven\maven_repository\org\attoparser\attoparser\2.0.5.RELEASE\attoparser-2.0.5.RELEASE.jar;D:\Maven\maven_repository\org\unbescape\unbescape\1.1.6.RELEASE\unbescape-1.1.6.RELEASE.jar;D:\Maven\maven_repository\org\thymeleaf\extras\thymeleaf-extras-java8time\3.0.4.RELEASE\thymeleaf-extras-java8time-3.0.4.RELEASE.jar;D:\Maven\maven_repository\cn\hutool\hutool-all\5.7.20\hutool-all-5.7.20.jar;D:\Maven\maven_repository\org\apache\poi\poi-ooxml\4.1.2\poi-ooxml-4.1.2.jar;D:\Maven\maven_repository\org\apache\poi\poi\4.1.2\poi-4.1.2.jar;D:\Maven\maven_repository\org\apache\commons\commons-collections4\4.4\commons-collections4-4.4.jar;D:\Maven\maven_repository\org\apache\commons\commons-math3\3.6.1\commons-math3-3.6.1.jar;D:\Maven\maven_repository\com\zaxxer\SparseBitSet\1.2\SparseBitSet-1.2.jar;D:\Maven\maven_repository\org\apache\poi\poi-ooxml-schemas\4.1.2\poi-ooxml-schemas-4.1.2.jar;D:\Maven\maven_repository\org\apache\xmlbeans\xmlbeans\3.1.0\xmlbeans-3.1.0.jar;D:\Maven\maven_repository\org\apache\commons\commons-compress\1.19\commons-compress-1.19.jar;D:\Maven\maven_repository\com\github\virtuald\curvesapi\1.06\curvesapi-1.06.jar;D:\Maven\maven_repository\com\sun\mail\javax.mail\1.6.2\javax.mail-1.6.2.jar;D:\Maven\maven_repository\org\springframework\boot\spring-boot-starter-security\2.7.12\spring-boot-starter-security-2.7.12.jar;D:\Maven\maven_repository\org\springframework\spring-aop\5.3.27\spring-aop-5.3.27.jar;D:\Maven\maven_repository\org\springframework\security\spring-security-config\5.7.8\spring-security-config-5.7.8.jar;D:\Maven\maven_repository\org\springframework\security\spring-security-core\5.7.8\spring-security-core-5.7.8.jar;D:\Maven\maven_repository\org\springframework\security\spring-security-crypto\5.7.8\spring-security-crypto-5.7.8.jar;D:\Maven\maven_repository\org\springframework\security\spring-security-web\5.7.8\spring-security-web-5.7.8.jar;D:\Maven\maven_repository\org\springframework\boot\spring-boot-starter-data-redis\2.5.9\spring-boot-starter-data-redis-2.5.9.jar;D:\Maven\maven_repository\org\springframework\data\spring-data-redis\2.7.12\spring-data-redis-2.7.12.jar;D:\Maven\maven_repository\org\springframework\data\spring-data-keyvalue\2.7.12\spring-data-keyvalue-2.7.12.jar;D:\Maven\maven_repository\org\springframework\data\spring-data-commons\2.7.12\spring-data-commons-2.7.12.jar;D:\Maven\maven_repository\org\springframework\spring-tx\5.3.27\spring-tx-5.3.27.jar;D:\Maven\maven_repository\org\springframework\spring-oxm\5.3.27\spring-oxm-5.3.27.jar;D:\Maven\maven_repository\io\lettuce\lettuce-core\6.1.10.RELEASE\lettuce-core-6.1.10.RELEASE.jar;D:\Maven\maven_repository\io\netty\netty-common\4.1.92.Final\netty-common-4.1.92.Final.jar;D:\Maven\maven_repository\io\netty\netty-handler\4.1.92.Final\netty-handler-4.1.92.Final.jar;D:\Maven\maven_repository\io\netty\netty-resolver\4.1.92.Final\netty-resolver-4.1.92.Final.jar;D:\Maven\maven_repository\io\netty\netty-buffer\4.1.92.Final\netty-buffer-4.1.92.Final.jar;D:\Maven\maven_repository\io\netty\netty-transport-native-unix-common\4.1.92.Final\netty-transport-native-unix-common-4.1.92.Final.jar;D:\Maven\maven_repository\io\netty\netty-codec\4.1.92.Final\netty-codec-4.1.92.Final.jar;D:\Maven\maven_repository\io\netty\netty-transport\4.1.92.Final\netty-transport-4.1.92.Final.jar;D:\Maven\maven_repository\io\projectreactor\reactor-core\3.4.29\reactor-core-3.4.29.jar;D:\Maven\maven_repository\org\reactivestreams\reactive-streams\1.0.4\reactive-streams-1.0.4.jar;D:\Maven\maven_repository\org\apache\commons\commons-pool2\2.11.1\commons-pool2-2.11.1.jar;D:\Maven\maven_repository\redis\clients\jedis\2.9.0\jedis-2.9.0.jar;D:\Maven\maven_repository\com\alibaba\fastjson\1.2.33\fastjson-1.2.33.jar;D:\Maven\maven_repository\com\auth0\java-jwt\3.8.2\java-jwt-3.8.2.jar;D:\Maven\maven_repository\com\fasterxml\jackson\core\jackson-databind\2.13.5\jackson-databind-2.13.5.jar;D:\Maven\maven_repository\com\fasterxml\jackson\core\jackson-annotations\2.13.5\jackson-annotations-2.13.5.jar;D:\Maven\maven_repository\com\fasterxml\jackson\core\jackson-core\2.13.5\jackson-core-2.13.5.jar;D:\Maven\maven_repository\commons-codec\commons-codec\1.15\commons-codec-1.15.jar;D:\Maven\maven_repository\io\jsonwebtoken\jjwt\0.9.0\jjwt-0.9.0.jar;D:\Maven\maven_repository\javax\xml\bind\jaxb-api\2.3.0\jaxb-api-2.3.0.jar;D:\Maven\maven_repository\com\sun\xml\bind\jaxb-impl\2.3.0\jaxb-impl-2.3.0.jar;D:\Maven\maven_repository\com\sun\xml\bind\jaxb-core\2.3.0\jaxb-core-2.3.0.jar;D:\Maven\maven_repository\javax\activation\activation\1.1.1\activation-1.1.1.jar;D:\Maven\maven_repository\org\springframework\boot\spring-boot-starter-mail\2.7.12\spring-boot-starter-mail-2.7.12.jar;D:\Maven\maven_repository\org\springframework\spring-context-support\5.3.27\spring-context-support-5.3.27.jar;D:\Maven\maven_repository\com\sun\mail\jakarta.mail\1.6.7\jakarta.mail-1.6.7.jar;D:\Maven\maven_repository\com\sun\activation\jakarta.activation\1.2.2\jakarta.activation-1.2.2.jar;D:\Maven\maven_repository\org\springframework\boot\spring-boot-starter-validation\2.7.12\spring-boot-starter-validation-2.7.12.jar;D:\Maven\maven_repository\org\apache\tomcat\embed\tomcat-embed-el\9.0.75\tomcat-embed-el-9.0.75.jar;D:\Maven\maven_repository\org\hibernate\validator\hibernate-validator\6.2.5.Final\hibernate-validator-6.2.5.Final.jar;D:\Maven\maven_repository\jakarta\validation\jakarta.validation-api\2.0.2\jakarta.validation-api-2.0.2.jar;D:\Maven\maven_repository\org\jboss\logging\jboss-logging\3.4.3.Final\jboss-logging-3.4.3.Final.jar;D:\Maven\maven_repository\com\fasterxml\classmate\1.5.1\classmate-1.5.1.jar;"/>
    <property name="java.vm.vendor" value="Oracle Corporation"/>
    <property name="sun.arch.data.model" value="64"/>
    <property name="user.variant" value=""/>
    <property name="java.vendor.url" value="https://java.oracle.com/"/>
    <property name="user.timezone" value="Asia/Shanghai"/>
    <property name="os.name" value="Windows 11"/>
    <property name="java.vm.specification.version" value="18"/>
    <property name="sun.java.launcher" value="SUN_STANDARD"/>
    <property name="user.country" value="CN"/>
    <property name="sun.boot.library.path" value="C:\Program Files\Java\jdk-18\bin"/>
    <property name="sun.java.command" value="C:\Users\84579\AppData\Local\Temp\surefire13397893216809968493\surefirebooter5830772836457184140.jar C:\Users\84579\AppData\Local\Temp\surefire13397893216809968493 2023-07-11T16-43-48_567-jvmRun1 surefire7748472538641799611tmp surefire_07431815654857945156tmp"/>
    <property name="jdk.debug" value="release"/>
    <property name="surefire.test.class.path" value="C:\Users\84579\Desktop\metro\target\test-classes;C:\Users\84579\Desktop\metro\target\classes;D:\Maven\maven_repository\org\springframework\boot\spring-boot-starter-web\2.7.12\spring-boot-starter-web-2.7.12.jar;D:\Maven\maven_repository\org\springframework\boot\spring-boot-starter\2.7.12\spring-boot-starter-2.7.12.jar;D:\Maven\maven_repository\org\springframework\boot\spring-boot\2.7.12\spring-boot-2.7.12.jar;D:\Maven\maven_repository\org\springframework\boot\spring-boot-starter-logging\2.7.12\spring-boot-starter-logging-2.7.12.jar;D:\Maven\maven_repository\ch\qos\logback\logback-classic\1.2.12\logback-classic-1.2.12.jar;D:\Maven\maven_repository\ch\qos\logback\logback-core\1.2.12\logback-core-1.2.12.jar;D:\Maven\maven_repository\org\apache\logging\log4j\log4j-to-slf4j\2.17.2\log4j-to-slf4j-2.17.2.jar;D:\Maven\maven_repository\org\apache\logging\log4j\log4j-api\2.17.2\log4j-api-2.17.2.jar;D:\Maven\maven_repository\org\slf4j\jul-to-slf4j\1.7.36\jul-to-slf4j-1.7.36.jar;D:\Maven\maven_repository\jakarta\annotation\jakarta.annotation-api\1.3.5\jakarta.annotation-api-1.3.5.jar;D:\Maven\maven_repository\org\yaml\snakeyaml\1.30\snakeyaml-1.30.jar;D:\Maven\maven_repository\org\springframework\boot\spring-boot-starter-json\2.7.12\spring-boot-starter-json-2.7.12.jar;D:\Maven\maven_repository\com\fasterxml\jackson\datatype\jackson-datatype-jdk8\2.13.5\jackson-datatype-jdk8-2.13.5.jar;D:\Maven\maven_repository\com\fasterxml\jackson\datatype\jackson-datatype-jsr310\2.13.5\jackson-datatype-jsr310-2.13.5.jar;D:\Maven\maven_repository\com\fasterxml\jackson\module\jackson-module-parameter-names\2.13.5\jackson-module-parameter-names-2.13.5.jar;D:\Maven\maven_repository\org\springframework\boot\spring-boot-starter-tomcat\2.7.12\spring-boot-starter-tomcat-2.7.12.jar;D:\Maven\maven_repository\org\apache\tomcat\embed\tomcat-embed-core\9.0.75\tomcat-embed-core-9.0.75.jar;D:\Maven\maven_repository\org\apache\tomcat\embed\tomcat-embed-websocket\9.0.75\tomcat-embed-websocket-9.0.75.jar;D:\Maven\maven_repository\org\springframework\spring-web\5.3.27\spring-web-5.3.27.jar;D:\Maven\maven_repository\org\springframework\spring-beans\5.3.27\spring-beans-5.3.27.jar;D:\Maven\maven_repository\org\springframework\spring-webmvc\5.3.27\spring-webmvc-5.3.27.jar;D:\Maven\maven_repository\org\springframework\spring-context\5.3.27\spring-context-5.3.27.jar;D:\Maven\maven_repository\org\springframework\spring-expression\5.3.27\spring-expression-5.3.27.jar;D:\Maven\maven_repository\com\mysql\mysql-connector-j\8.0.33\mysql-connector-j-8.0.33.jar;D:\Maven\maven_repository\org\projectlombok\lombok\1.18.26\lombok-1.18.26.jar;D:\Maven\maven_repository\org\springframework\boot\spring-boot-starter-test\2.7.12\spring-boot-starter-test-2.7.12.jar;D:\Maven\maven_repository\org\springframework\boot\spring-boot-test\2.7.12\spring-boot-test-2.7.12.jar;D:\Maven\maven_repository\org\springframework\boot\spring-boot-test-autoconfigure\2.7.12\spring-boot-test-autoconfigure-2.7.12.jar;D:\Maven\maven_repository\com\jayway\jsonpath\json-path\2.7.0\json-path-2.7.0.jar;D:\Maven\maven_repository\net\minidev\json-smart\2.4.11\json-smart-2.4.11.jar;D:\Maven\maven_repository\net\minidev\accessors-smart\2.4.11\accessors-smart-2.4.11.jar;D:\Maven\maven_repository\org\ow2\asm\asm\9.3\asm-9.3.jar;D:\Maven\maven_repository\org\slf4j\slf4j-api\1.7.36\slf4j-api-1.7.36.jar;D:\Maven\maven_repository\jakarta\xml\bind\jakarta.xml.bind-api\2.3.3\jakarta.xml.bind-api-2.3.3.jar;D:\Maven\maven_repository\jakarta\activation\jakarta.activation-api\1.2.2\jakarta.activation-api-1.2.2.jar;D:\Maven\maven_repository\org\assertj\assertj-core\3.22.0\assertj-core-3.22.0.jar;D:\Maven\maven_repository\org\hamcrest\hamcrest\2.2\hamcrest-2.2.jar;D:\Maven\maven_repository\org\junit\jupiter\junit-jupiter\5.8.2\junit-jupiter-5.8.2.jar;D:\Maven\maven_repository\org\junit\jupiter\junit-jupiter-api\5.8.2\junit-jupiter-api-5.8.2.jar;D:\Maven\maven_repository\org\opentest4j\opentest4j\1.2.0\opentest4j-1.2.0.jar;D:\Maven\maven_repository\org\junit\platform\junit-platform-commons\1.8.2\junit-platform-commons-1.8.2.jar;D:\Maven\maven_repository\org\apiguardian\apiguardian-api\1.1.2\apiguardian-api-1.1.2.jar;D:\Maven\maven_repository\org\junit\jupiter\junit-jupiter-params\5.8.2\junit-jupiter-params-5.8.2.jar;D:\Maven\maven_repository\org\junit\jupiter\junit-jupiter-engine\5.8.2\junit-jupiter-engine-5.8.2.jar;D:\Maven\maven_repository\org\junit\platform\junit-platform-engine\1.8.2\junit-platform-engine-1.8.2.jar;D:\Maven\maven_repository\org\mockito\mockito-core\4.5.1\mockito-core-4.5.1.jar;D:\Maven\maven_repository\net\bytebuddy\byte-buddy\1.12.23\byte-buddy-1.12.23.jar;D:\Maven\maven_repository\net\bytebuddy\byte-buddy-agent\1.12.23\byte-buddy-agent-1.12.23.jar;D:\Maven\maven_repository\org\objenesis\objenesis\3.2\objenesis-3.2.jar;D:\Maven\maven_repository\org\mockito\mockito-junit-jupiter\4.5.1\mockito-junit-jupiter-4.5.1.jar;D:\Maven\maven_repository\org\skyscreamer\jsonassert\1.5.1\jsonassert-1.5.1.jar;D:\Maven\maven_repository\com\vaadin\external\google\android-json\0.0.20131108.vaadin1\android-json-0.0.20131108.vaadin1.jar;D:\Maven\maven_repository\org\springframework\spring-core\5.3.27\spring-core-5.3.27.jar;D:\Maven\maven_repository\org\springframework\spring-jcl\5.3.27\spring-jcl-5.3.27.jar;D:\Maven\maven_repository\org\springframework\spring-test\5.3.27\spring-test-5.3.27.jar;D:\Maven\maven_repository\org\xmlunit\xmlunit-core\2.9.1\xmlunit-core-2.9.1.jar;D:\Maven\maven_repository\com\baomidou\mybatis-plus-boot-starter\3.5.3\mybatis-plus-boot-starter-3.5.3.jar;D:\Maven\maven_repository\com\baomidou\mybatis-plus\3.5.3\mybatis-plus-3.5.3.jar;D:\Maven\maven_repository\com\baomidou\mybatis-plus-extension\3.5.3\mybatis-plus-extension-3.5.3.jar;D:\Maven\maven_repository\com\baomidou\mybatis-plus-core\3.5.3\mybatis-plus-core-3.5.3.jar;D:\Maven\maven_repository\com\baomidou\mybatis-plus-annotation\3.5.3\mybatis-plus-annotation-3.5.3.jar;D:\Maven\maven_repository\com\github\jsqlparser\jsqlparser\4.4\jsqlparser-4.4.jar;D:\Maven\maven_repository\org\springframework\boot\spring-boot-autoconfigure\2.7.12\spring-boot-autoconfigure-2.7.12.jar;D:\Maven\maven_repository\org\springframework\boot\spring-boot-starter-jdbc\2.7.12\spring-boot-starter-jdbc-2.7.12.jar;D:\Maven\maven_repository\com\zaxxer\HikariCP\4.0.3\HikariCP-4.0.3.jar;D:\Maven\maven_repository\org\springframework\spring-jdbc\5.3.27\spring-jdbc-5.3.27.jar;D:\Maven\maven_repository\com\github\pagehelper\pagehelper-spring-boot-starter\1.4.3\pagehelper-spring-boot-starter-1.4.3.jar;D:\Maven\maven_repository\org\mybatis\spring\boot\mybatis-spring-boot-starter\2.2.2\mybatis-spring-boot-starter-2.2.2.jar;D:\Maven\maven_repository\org\mybatis\spring\boot\mybatis-spring-boot-autoconfigure\2.2.2\mybatis-spring-boot-autoconfigure-2.2.2.jar;D:\Maven\maven_repository\org\mybatis\mybatis\3.5.9\mybatis-3.5.9.jar;D:\Maven\maven_repository\org\mybatis\mybatis-spring\2.0.7\mybatis-spring-2.0.7.jar;D:\Maven\maven_repository\com\github\pagehelper\pagehelper-spring-boot-autoconfigure\1.4.3\pagehelper-spring-boot-autoconfigure-1.4.3.jar;D:\Maven\maven_repository\com\github\pagehelper\pagehelper\5.3.1\pagehelper-5.3.1.jar;D:\Maven\maven_repository\org\springframework\boot\spring-boot-starter-thymeleaf\2.7.12\spring-boot-starter-thymeleaf-2.7.12.jar;D:\Maven\maven_repository\org\thymeleaf\thymeleaf-spring5\3.0.15.RELEASE\thymeleaf-spring5-3.0.15.RELEASE.jar;D:\Maven\maven_repository\org\thymeleaf\thymeleaf\3.0.15.RELEASE\thymeleaf-3.0.15.RELEASE.jar;D:\Maven\maven_repository\org\attoparser\attoparser\2.0.5.RELEASE\attoparser-2.0.5.RELEASE.jar;D:\Maven\maven_repository\org\unbescape\unbescape\1.1.6.RELEASE\unbescape-1.1.6.RELEASE.jar;D:\Maven\maven_repository\org\thymeleaf\extras\thymeleaf-extras-java8time\3.0.4.RELEASE\thymeleaf-extras-java8time-3.0.4.RELEASE.jar;D:\Maven\maven_repository\cn\hutool\hutool-all\5.7.20\hutool-all-5.7.20.jar;D:\Maven\maven_repository\org\apache\poi\poi-ooxml\4.1.2\poi-ooxml-4.1.2.jar;D:\Maven\maven_repository\org\apache\poi\poi\4.1.2\poi-4.1.2.jar;D:\Maven\maven_repository\org\apache\commons\commons-collections4\4.4\commons-collections4-4.4.jar;D:\Maven\maven_repository\org\apache\commons\commons-math3\3.6.1\commons-math3-3.6.1.jar;D:\Maven\maven_repository\com\zaxxer\SparseBitSet\1.2\SparseBitSet-1.2.jar;D:\Maven\maven_repository\org\apache\poi\poi-ooxml-schemas\4.1.2\poi-ooxml-schemas-4.1.2.jar;D:\Maven\maven_repository\org\apache\xmlbeans\xmlbeans\3.1.0\xmlbeans-3.1.0.jar;D:\Maven\maven_repository\org\apache\commons\commons-compress\1.19\commons-compress-1.19.jar;D:\Maven\maven_repository\com\github\virtuald\curvesapi\1.06\curvesapi-1.06.jar;D:\Maven\maven_repository\com\sun\mail\javax.mail\1.6.2\javax.mail-1.6.2.jar;D:\Maven\maven_repository\org\springframework\boot\spring-boot-starter-security\2.7.12\spring-boot-starter-security-2.7.12.jar;D:\Maven\maven_repository\org\springframework\spring-aop\5.3.27\spring-aop-5.3.27.jar;D:\Maven\maven_repository\org\springframework\security\spring-security-config\5.7.8\spring-security-config-5.7.8.jar;D:\Maven\maven_repository\org\springframework\security\spring-security-core\5.7.8\spring-security-core-5.7.8.jar;D:\Maven\maven_repository\org\springframework\security\spring-security-crypto\5.7.8\spring-security-crypto-5.7.8.jar;D:\Maven\maven_repository\org\springframework\security\spring-security-web\5.7.8\spring-security-web-5.7.8.jar;D:\Maven\maven_repository\org\springframework\boot\spring-boot-starter-data-redis\2.5.9\spring-boot-starter-data-redis-2.5.9.jar;D:\Maven\maven_repository\org\springframework\data\spring-data-redis\2.7.12\spring-data-redis-2.7.12.jar;D:\Maven\maven_repository\org\springframework\data\spring-data-keyvalue\2.7.12\spring-data-keyvalue-2.7.12.jar;D:\Maven\maven_repository\org\springframework\data\spring-data-commons\2.7.12\spring-data-commons-2.7.12.jar;D:\Maven\maven_repository\org\springframework\spring-tx\5.3.27\spring-tx-5.3.27.jar;D:\Maven\maven_repository\org\springframework\spring-oxm\5.3.27\spring-oxm-5.3.27.jar;D:\Maven\maven_repository\io\lettuce\lettuce-core\6.1.10.RELEASE\lettuce-core-6.1.10.RELEASE.jar;D:\Maven\maven_repository\io\netty\netty-common\4.1.92.Final\netty-common-4.1.92.Final.jar;D:\Maven\maven_repository\io\netty\netty-handler\4.1.92.Final\netty-handler-4.1.92.Final.jar;D:\Maven\maven_repository\io\netty\netty-resolver\4.1.92.Final\netty-resolver-4.1.92.Final.jar;D:\Maven\maven_repository\io\netty\netty-buffer\4.1.92.Final\netty-buffer-4.1.92.Final.jar;D:\Maven\maven_repository\io\netty\netty-transport-native-unix-common\4.1.92.Final\netty-transport-native-unix-common-4.1.92.Final.jar;D:\Maven\maven_repository\io\netty\netty-codec\4.1.92.Final\netty-codec-4.1.92.Final.jar;D:\Maven\maven_repository\io\netty\netty-transport\4.1.92.Final\netty-transport-4.1.92.Final.jar;D:\Maven\maven_repository\io\projectreactor\reactor-core\3.4.29\reactor-core-3.4.29.jar;D:\Maven\maven_repository\org\reactivestreams\reactive-streams\1.0.4\reactive-streams-1.0.4.jar;D:\Maven\maven_repository\org\apache\commons\commons-pool2\2.11.1\commons-pool2-2.11.1.jar;D:\Maven\maven_repository\redis\clients\jedis\2.9.0\jedis-2.9.0.jar;D:\Maven\maven_repository\com\alibaba\fastjson\1.2.33\fastjson-1.2.33.jar;D:\Maven\maven_repository\com\auth0\java-jwt\3.8.2\java-jwt-3.8.2.jar;D:\Maven\maven_repository\com\fasterxml\jackson\core\jackson-databind\2.13.5\jackson-databind-2.13.5.jar;D:\Maven\maven_repository\com\fasterxml\jackson\core\jackson-annotations\2.13.5\jackson-annotations-2.13.5.jar;D:\Maven\maven_repository\com\fasterxml\jackson\core\jackson-core\2.13.5\jackson-core-2.13.5.jar;D:\Maven\maven_repository\commons-codec\commons-codec\1.15\commons-codec-1.15.jar;D:\Maven\maven_repository\io\jsonwebtoken\jjwt\0.9.0\jjwt-0.9.0.jar;D:\Maven\maven_repository\javax\xml\bind\jaxb-api\2.3.0\jaxb-api-2.3.0.jar;D:\Maven\maven_repository\com\sun\xml\bind\jaxb-impl\2.3.0\jaxb-impl-2.3.0.jar;D:\Maven\maven_repository\com\sun\xml\bind\jaxb-core\2.3.0\jaxb-core-2.3.0.jar;D:\Maven\maven_repository\javax\activation\activation\1.1.1\activation-1.1.1.jar;D:\Maven\maven_repository\org\springframework\boot\spring-boot-starter-mail\2.7.12\spring-boot-starter-mail-2.7.12.jar;D:\Maven\maven_repository\org\springframework\spring-context-support\5.3.27\spring-context-support-5.3.27.jar;D:\Maven\maven_repository\com\sun\mail\jakarta.mail\1.6.7\jakarta.mail-1.6.7.jar;D:\Maven\maven_repository\com\sun\activation\jakarta.activation\1.2.2\jakarta.activation-1.2.2.jar;D:\Maven\maven_repository\org\springframework\boot\spring-boot-starter-validation\2.7.12\spring-boot-starter-validation-2.7.12.jar;D:\Maven\maven_repository\org\apache\tomcat\embed\tomcat-embed-el\9.0.75\tomcat-embed-el-9.0.75.jar;D:\Maven\maven_repository\org\hibernate\validator\hibernate-validator\6.2.5.Final\hibernate-validator-6.2.5.Final.jar;D:\Maven\maven_repository\jakarta\validation\jakarta.validation-api\2.0.2\jakarta.validation-api-2.0.2.jar;D:\Maven\maven_repository\org\jboss\logging\jboss-logging\3.4.3.Final\jboss-logging-3.4.3.Final.jar;D:\Maven\maven_repository\com\fasterxml\classmate\1.5.1\classmate-1.5.1.jar;"/>
    <property name="sun.cpu.endian" value="little"/>
    <property name="user.home" value="C:\Users\84579"/>
    <property name="user.language" value="zh"/>
    <property name="java.specification.vendor" value="Oracle Corporation"/>
    <property name="java.version.date" value="2022-03-22"/>
    <property name="java.home" value="C:\Program Files\Java\jdk-18"/>
    <property name="file.separator" value="\"/>
    <property name="basedir" value="C:\Users\84579\Desktop\metro"/>
    <property name="java.vm.compressedOopsMode" value="Zero based"/>
    <property name="line.separator" value="&#10;"/>
    <property name="java.vm.specification.vendor" value="Oracle Corporation"/>
    <property name="java.specification.name" value="Java Platform API Specification"/>
    <property name="surefire.real.class.path" value="C:\Users\84579\AppData\Local\Temp\surefire13397893216809968493\surefirebooter5830772836457184140.jar"/>
    <property name="user.script" value=""/>
    <property name="sun.management.compiler" value="HotSpot 64-Bit Tiered Compilers"/>
    <property name="java.runtime.version" value="18+36-2087"/>
    <property name="user.name" value="84579"/>
    <property name="path.separator" value=";"/>
    <property name="os.version" value="10.0"/>
    <property name="java.runtime.name" value="Java(TM) SE Runtime Environment"/>
    <property name="file.encoding" value="UTF-8"/>
    <property name="java.vm.name" value="Java HotSpot(TM) 64-Bit Server VM"/>
    <property name="localRepository" value="D:\Maven\maven_repository"/>
    <property name="java.vendor.url.bug" value="https://bugreport.java.com/bugreport/"/>
    <property name="java.io.tmpdir" value="C:\Users\84579\AppData\Local\Temp\"/>
    <property name="java.version" value="18"/>
    <property name="user.dir" value="C:\Users\84579\Desktop\metro"/>
    <property name="os.arch" value="amd64"/>
    <property name="java.vm.specification.name" value="Java Virtual Machine Specification"/>
    <property name="sun.os.patch.level" value=""/>
    <property name="native.encoding" value="GBK"/>
    <property name="java.library.path" value="C:\Program Files\Java\jdk-18\bin;C:\WINDOWS\Sun\Java\bin;C:\WINDOWS\system32;C:\WINDOWS;C:\ProgramData\Anaconda3;C:\ProgramData\Anaconda3\Library\mingw-w64\bin;C:\ProgramData\Anaconda3\Library\usr\bin;C:\ProgramData\Anaconda3\Library\bin;C:\ProgramData\Anaconda3\Scripts;C:\ProgramData\Anaconda3\bin;C:\ProgramData\Anaconda3\condabin;C:\Program Files\NVIDIA GPU Computing Toolkit\CUDA\v11.6\bin;C:\Program Files\NVIDIA GPU Computing Toolkit\CUDA\v11.6\libnvvp;C:\WINDOWS.X64_193000_db_home\bin;C:\ProgramData\Anaconda3;C:\ProgramData\Anaconda3\Library\mingw-w64\bin;C:\ProgramData\Anaconda3\Library\usr\bin;C:\ProgramData\Anaconda3\Library\bin;C:\ProgramData\Anaconda3\Scripts;C:\Program Files\Common Files\Oracle\Java\javapath;C:\Windows\system32;C:\Windows;C:\Windows\System32\Wbem;C:\Windows\System32\WindowsPowerShell\v1.0;C:\Windows\System32\OpenSSH;C:\Program Files (x86)\NVIDIA Corporation\PhysX\Common;C:\Program Files\NVIDIA Corporation\NVIDIA NvDLISR;C:\TDM-GCC-64\bin;C:\Program Files\Java\jdk-18\bin;C:\Program Files\Java\jdk-18\jre\bin;C:\Qt\Qt5.14.2\5.14.2\mingw73_64\bin;C:\Qt\Qt5.14.2\5.14.2\mingw73_64\lib;C:\Qt\Qt5.14.2\Tools\mingw730_64\bin;C:\Qt\Qt5.14.2\Tools\mingw730_64\lib;C:\WINDOWS\system32;C:\WINDOWS;C:\WINDOWS\System32\Wbem;C:\WINDOWS\System32\WindowsPowerShell\v1.0;C:\WINDOWS\System32\OpenSSH;C:\Program Files\Git\cmd;C:\Program Files\NVIDIA Corporation\Nsight Compute 2022.1.1;C:\Users\84579\.conda\envs\yolov5;C:\Users\84579\.conda\envs\yolov5\DLLs;C:\Users\84579\.conda\envs\yolov5\Lib\site-packages;C:\Users\84579\.conda\envs\yolov5\Library\bin;C:\Users\84579\.conda\envs\yolov5\Scripts;C:\WINDOWS\system32;C:\WINDOWS;C:\WINDOWS\System32\Wbem;C:\WINDOWS\System32\WindowsPowerShell\v1.0;C:\WINDOWS\System32\OpenSSH;D:\Maven\apache-maven-3.6.3\bin;D:\Tomcat\apache-tomcat-9.0.75\bin;D:\MySQL\MySQL Server 5.7\bin;C:\Program Files\nodejs\node_global;C:\Program Files\nodejs\node_cache;C:\Program Files\nodejs\node_modules\npm;C:\Program Files (x86)\ZeroTier\One;D:\Redis;D:\Python27;D:\Python27\Scripts;C:\Users\84579\AppData\Local\Microsoft\WindowsApps;C:\Program Files\JetBrains\CLion 2021.2.3\bin;C:\Program Files\JetBrains\IntelliJ IDEA 2021.2.3\bin;C:\Users\84579\Documents\win32;."/>
    <property name="java.vm.info" value="mixed mode, sharing"/>
    <property name="java.vendor" value="Oracle Corporation"/>
    <property name="java.vm.version" value="18+36-2087"/>
    <property name="sun.io.unicode.encoding" value="UnicodeLittle"/>
    <property name="java.class.version" value="62.0"/>
  </properties>
  <testcase name="testBCrypt" classname="com.mtx.metro.MetroApplicationTests" time="0.453"/>
</testsuite>